c:\users\pichau\desktop\arquivos visual\matenikola_v21.1\matenikola_v21\matenikola\matenikola\x64\release\matenikola.cadastroentradaconfirmacao.resources
c:\users\pichau\desktop\arquivos visual\matenikola_v21.1\matenikola_v21\matenikola\matenikola\x64\release\matenikola.cadastroentradafinal.resources
c:\users\pichau\desktop\arquivos visual\matenikola_v21.1\matenikola_v21\matenikola\matenikola\x64\release\matenikola.cadastromotorconfirmacao.resources
c:\users\pichau\desktop\arquivos visual\matenikola_v21.1\matenikola_v21\matenikola\matenikola\x64\release\matenikola.cadastromotordado.resources
c:\users\pichau\desktop\arquivos visual\matenikola_v21.1\matenikola_v21\matenikola\matenikola\x64\release\matenikola.cadastromotorinicial.resources
c:\users\pichau\desktop\arquivos visual\matenikola_v21.1\matenikola_v21\matenikola\matenikola\x64\release\matenikola.confirmadadoproprietario.resources
c:\users\pichau\desktop\arquivos visual\matenikola_v21.1\matenikola_v21\matenikola\matenikola\x64\release\matenikola.dadoscadastrousuario.resources
c:\users\pichau\desktop\arquivos visual\matenikola_v21.1\matenikola_v21\matenikola\matenikola\x64\release\matenikola.gerarelatoriofinal.resources
c:\users\pichau\desktop\arquivos visual\matenikola_v21.1\matenikola_v21\matenikola\matenikola\x64\release\matenikola.gerarelatorioinicial.resources
c:\users\pichau\desktop\arquivos visual\matenikola_v21.1\matenikola_v21\matenikola\matenikola\x64\release\matenikola.inicio.resources
c:\users\pichau\desktop\arquivos visual\matenikola_v21.1\matenikola_v21\matenikola\matenikola\x64\release\matenikola.iniciocadastroproprietario.resources
c:\users\pichau\desktop\arquivos visual\matenikola_v21.1\matenikola_v21\matenikola\matenikola\x64\release\vc120.pdb
c:\users\pichau\desktop\arquivos visual\matenikola_v21.1\matenikola_v21\matenikola\matenikola\x64\release\modofalha.obj
c:\users\pichau\desktop\arquivos visual\matenikola_v21.1\matenikola_v21\matenikola\matenikola\x64\release\iniciocadastroproprietario.obj
c:\users\pichau\desktop\arquivos visual\matenikola_v21.1\matenikola_v21\matenikola\matenikola\x64\release\inicio.obj
c:\users\pichau\desktop\arquivos visual\matenikola_v21.1\matenikola_v21\matenikola\matenikola\x64\release\gerarelatorioinicial.obj
c:\users\pichau\desktop\arquivos visual\matenikola_v21.1\matenikola_v21\matenikola\matenikola\x64\release\gerarelatoriofinal.obj
c:\users\pichau\desktop\arquivos visual\matenikola_v21.1\matenikola_v21\matenikola\matenikola\x64\release\fila.obj
c:\users\pichau\desktop\arquivos visual\matenikola_v21.1\matenikola_v21\matenikola\matenikola\x64\release\enderecodao.obj
c:\users\pichau\desktop\arquivos visual\matenikola_v21.1\matenikola_v21\matenikola\matenikola\x64\release\endereco.obj
c:\users\pichau\desktop\arquivos visual\matenikola_v21.1\matenikola_v21\matenikola\matenikola\x64\release\dao.obj
c:\users\pichau\desktop\arquivos visual\matenikola_v21.1\matenikola_v21\matenikola\matenikola\x64\release\dadoscadastrousuario.obj
c:\users\pichau\desktop\arquivos visual\matenikola_v21.1\matenikola_v21\matenikola\matenikola\x64\release\controlador.obj
c:\users\pichau\desktop\arquivos visual\matenikola_v21.1\matenikola_v21\matenikola\matenikola\x64\release\confirmadadoproprietario.obj
c:\users\pichau\desktop\arquivos visual\matenikola_v21.1\matenikola_v21\matenikola\matenikola\x64\release\cadastromotorinicial.obj
c:\users\pichau\desktop\arquivos visual\matenikola_v21.1\matenikola_v21\matenikola\matenikola\x64\release\cadastromotordado.obj
c:\users\pichau\desktop\arquivos visual\matenikola_v21.1\matenikola_v21\matenikola\matenikola\x64\release\cadastromotorconfirmacao.obj
c:\users\pichau\desktop\arquivos visual\matenikola_v21.1\matenikola_v21\matenikola\matenikola\x64\release\cadastroentradainicial.obj
c:\users\pichau\desktop\arquivos visual\matenikola_v21.1\matenikola_v21\matenikola\matenikola\x64\release\cadastroentradafinal.obj
c:\users\pichau\desktop\arquivos visual\matenikola_v21.1\matenikola_v21\matenikola\matenikola\x64\release\cadastroentradaconfirmacao.obj
c:\users\pichau\desktop\arquivos visual\matenikola_v21.1\matenikola_v21\matenikola\matenikola\x64\release\atendimentodao.obj
c:\users\pichau\desktop\arquivos visual\matenikola_v21.1\matenikola_v21\matenikola\matenikola\x64\release\atendimento.obj
c:\users\pichau\desktop\arquivos visual\matenikola_v21.1\matenikola_v21\matenikola\matenikola\x64\release\usuario.obj
c:\users\pichau\desktop\arquivos visual\matenikola_v21.1\matenikola_v21\matenikola\matenikola\x64\release\relogio.obj
c:\users\pichau\desktop\arquivos visual\matenikola_v21.1\matenikola_v21\matenikola\matenikola\x64\release\pjdao.obj
c:\users\pichau\desktop\arquivos visual\matenikola_v21.1\matenikola_v21\matenikola\matenikola\x64\release\pfdao.obj
c:\users\pichau\desktop\arquivos visual\matenikola_v21.1\matenikola_v21\matenikola\matenikola\x64\release\pessoajuridica.obj
c:\users\pichau\desktop\arquivos visual\matenikola_v21.1\matenikola_v21\matenikola\matenikola\x64\release\pessoafisica.obj
c:\users\pichau\desktop\arquivos visual\matenikola_v21.1\matenikola_v21\matenikola\matenikola\x64\release\mydao.obj
c:\users\pichau\desktop\arquivos visual\matenikola_v21.1\matenikola_v21\matenikola\matenikola\x64\release\motordao.obj
c:\users\pichau\desktop\arquivos visual\matenikola_v21.1\matenikola_v21\matenikola\matenikola\x64\release\motor.obj
c:\users\pichau\desktop\arquivos visual\matenikola_v21.1\matenikola_v21\matenikola\matenikola\x64\release\.netframework,version=v4.5.2.assemblyattributes.obj
c:\users\pichau\desktop\arquivos visual\matenikola_v21.1\matenikola_v21\matenikola\x64\release\...exe
c:\users\pichau\desktop\arquivos visual\matenikola_v21.1\matenikola_v21\matenikola\matenikola\x64\release\matenikola.vcxproj.generateresource.cache
c:\users\pichau\desktop\arquivos visual\matenikola_v21.1\matenikola_v21\matenikola\matenikola\x64\release\matenikola.vcxprojresolveassemblyreference.cache
c:\users\pichau\desktop\arquivos visual\matenikola_v21.1\matenikola_v21\matenikola\matenikola\x64\release\...tlog\...write.1u.tlog
c:\users\pichau\desktop\arquivos visual\matenikola_v21.1\matenikola_v21\matenikola\matenikola\x64\release\...tlog\cl.command.1.tlog
c:\users\pichau\desktop\arquivos visual\matenikola_v21.1\matenikola_v21\matenikola\matenikola\x64\release\...tlog\cl.read.1.tlog
c:\users\pichau\desktop\arquivos visual\matenikola_v21.1\matenikola_v21\matenikola\matenikola\x64\release\...tlog\cl.write.1.tlog
c:\users\pichau\desktop\arquivos visual\matenikola_v21.1\matenikola_v21\matenikola\matenikola\x64\release\...tlog\link.command.1.tlog
c:\users\pichau\desktop\arquivos visual\matenikola_v21.1\matenikola_v21\matenikola\matenikola\x64\release\...tlog\link.read.1.tlog
c:\users\pichau\desktop\arquivos visual\matenikola_v21.1\matenikola_v21\matenikola\matenikola\x64\release\...tlog\link.write.1.tlog
c:\users\pichau\desktop\arquivos visual\matenikola_v21.1\matenikola_v21\matenikola\matenikola\x64\release\...tlog\metagen.read.1.tlog
c:\users\pichau\desktop\arquivos visual\matenikola_v21.1\matenikola_v21\matenikola\matenikola\x64\release\...tlog\metagen.write.1.tlog
c:\users\pichau\desktop\arquivos visual\matenikola_v21.1\matenikola_v21\matenikola\matenikola\x64\release\...tlog\tzres.dll.bi
