d:\poli 777\lab soft\c++\matenikola_v15\matenikola\matenikola\x64\release\vc120.pdb
d:\poli 777\lab soft\c++\matenikola_v15\matenikola\matenikola\x64\release\usuario.obj
d:\poli 777\lab soft\c++\matenikola_v15\matenikola\matenikola\x64\release\relogio.obj
d:\poli 777\lab soft\c++\matenikola_v15\matenikola\matenikola\x64\release\pjdao.obj
d:\poli 777\lab soft\c++\matenikola_v15\matenikola\matenikola\x64\release\pfdao.obj
d:\poli 777\lab soft\c++\matenikola_v15\matenikola\matenikola\x64\release\pessoajuridica.obj
d:\poli 777\lab soft\c++\matenikola_v15\matenikola\matenikola\x64\release\pessoafisica.obj
d:\poli 777\lab soft\c++\matenikola_v15\matenikola\matenikola\x64\release\mydao.obj
d:\poli 777\lab soft\c++\matenikola_v15\matenikola\matenikola\x64\release\motordao.obj
d:\poli 777\lab soft\c++\matenikola_v15\matenikola\matenikola\x64\release\motor.obj
d:\poli 777\lab soft\c++\matenikola_v15\matenikola\matenikola\x64\release\modofalha.obj
d:\poli 777\lab soft\c++\matenikola_v15\matenikola\matenikola\x64\release\iniciocadastroproprietario.obj
d:\poli 777\lab soft\c++\matenikola_v15\matenikola\matenikola\x64\release\inicio.obj
d:\poli 777\lab soft\c++\matenikola_v15\matenikola\matenikola\x64\release\fila.obj
d:\poli 777\lab soft\c++\matenikola_v15\matenikola\matenikola\x64\release\enderecodao.obj
d:\poli 777\lab soft\c++\matenikola_v15\matenikola\matenikola\x64\release\endereco.obj
d:\poli 777\lab soft\c++\matenikola_v15\matenikola\matenikola\x64\release\dao.obj
d:\poli 777\lab soft\c++\matenikola_v15\matenikola\matenikola\x64\release\dadoscadastrousuario.obj
d:\poli 777\lab soft\c++\matenikola_v15\matenikola\matenikola\x64\release\controlador.obj
d:\poli 777\lab soft\c++\matenikola_v15\matenikola\matenikola\x64\release\confirmadadoproprietario.obj
d:\poli 777\lab soft\c++\matenikola_v15\matenikola\matenikola\x64\release\atendimento.obj
d:\poli 777\lab soft\c++\matenikola_v15\matenikola\matenikola\x64\release\.netframework,version=v4.5.2.assemblyattributes.obj
d:\poli 777\lab soft\c++\matenikola_v15\matenikola\matenikola\x64\release\atendimentodao.obj
d:\poli 777\lab soft\c++\matenikola_v15\matenikola\matenikola\x64\release\cadastroentradaconfirmacao.obj
d:\poli 777\lab soft\c++\matenikola_v15\matenikola\matenikola\x64\release\cadastroentradafinal.obj
d:\poli 777\lab soft\c++\matenikola_v15\matenikola\matenikola\x64\release\cadastroentradainicial.obj
d:\poli 777\lab soft\c++\matenikola_v15\matenikola\matenikola\x64\release\cadastromotorconfirmacao.obj
d:\poli 777\lab soft\c++\matenikola_v15\matenikola\x64\release\matenikola.exe
d:\poli 777\lab soft\c++\matenikola_v15\matenikola\matenikola\x64\release\matenikola.confirmadadoproprietario.resources
d:\poli 777\lab soft\c++\matenikola_v15\matenikola\matenikola\x64\release\matenikola.dadoscadastrousuario.resources
d:\poli 777\lab soft\c++\matenikola_v15\matenikola\matenikola\x64\release\matenikola.inicio.resources
d:\poli 777\lab soft\c++\matenikola_v15\matenikola\matenikola\x64\release\matenikola.iniciocadastroproprietario.resources
d:\poli 777\lab soft\c++\matenikola_v15\matenikola\matenikola\x64\release\matenikola.cadastroentradaconfirmacao.resources
d:\poli 777\lab soft\c++\matenikola_v15\matenikola\matenikola\x64\release\matenikola.vcxproj.generateresource.cache
d:\poli 777\lab soft\c++\matenikola_v15\matenikola\matenikola\x64\release\matenikola.vcxprojresolveassemblyreference.cache
d:\poli 777\lab soft\c++\matenikola_v15\matenikola\matenikola\x64\release\matenikola.tlog\cl.command.1.tlog
d:\poli 777\lab soft\c++\matenikola_v15\matenikola\matenikola\x64\release\matenikola.tlog\cl.read.1.tlog
d:\poli 777\lab soft\c++\matenikola_v15\matenikola\matenikola\x64\release\matenikola.tlog\cl.write.1.tlog
d:\poli 777\lab soft\c++\matenikola_v15\matenikola\matenikola\x64\release\matenikola.tlog\link.command.1.tlog
d:\poli 777\lab soft\c++\matenikola_v15\matenikola\matenikola\x64\release\matenikola.tlog\link.read.1.tlog
d:\poli 777\lab soft\c++\matenikola_v15\matenikola\matenikola\x64\release\matenikola.tlog\link.write.1.tlog
d:\poli 777\lab soft\c++\matenikola_v15\matenikola\matenikola\x64\release\matenikola.tlog\matenikola.write.1u.tlog
d:\poli 777\lab soft\c++\matenikola_v15\matenikola\matenikola\x64\release\matenikola.tlog\metagen.read.1.tlog
d:\poli 777\lab soft\c++\matenikola_v15\matenikola\matenikola\x64\release\matenikola.tlog\metagen.write.1.tlog
d:\poli 777\lab soft\c++\matenikola_v15\matenikola\matenikola\x64\release\matenikola.tlog\tzres.dll.bi
